running egg_info
creating ../../build/sabertooth_controller/sabertooth_controller.egg-info
writing ../../build/sabertooth_controller/sabertooth_controller.egg-info/PKG-INFO
writing dependency_links to ../../build/sabertooth_controller/sabertooth_controller.egg-info/dependency_links.txt
writing entry points to ../../build/sabertooth_controller/sabertooth_controller.egg-info/entry_points.txt
writing requirements to ../../build/sabertooth_controller/sabertooth_controller.egg-info/requires.txt
writing top-level names to ../../build/sabertooth_controller/sabertooth_controller.egg-info/top_level.txt
writing manifest file '../../build/sabertooth_controller/sabertooth_controller.egg-info/SOURCES.txt'
reading manifest file '../../build/sabertooth_controller/sabertooth_controller.egg-info/SOURCES.txt'
writing manifest file '../../build/sabertooth_controller/sabertooth_controller.egg-info/SOURCES.txt'
running build
running build_py
creating /media/renaud/Blade 15 HDD/M2_Cours/Designing/E-WheelChAIr/EWheelChAIr_ws/build/sabertooth_controller/build
creating /media/renaud/Blade 15 HDD/M2_Cours/Designing/E-WheelChAIr/EWheelChAIr_ws/build/sabertooth_controller/build/lib
creating /media/renaud/Blade 15 HDD/M2_Cours/Designing/E-WheelChAIr/EWheelChAIr_ws/build/sabertooth_controller/build/lib/sabertooth_controller
copying sabertooth_controller/sabertooth_node.py -> /media/renaud/Blade 15 HDD/M2_Cours/Designing/E-WheelChAIr/EWheelChAIr_ws/build/sabertooth_controller/build/lib/sabertooth_controller
copying sabertooth_controller/__init__.py -> /media/renaud/Blade 15 HDD/M2_Cours/Designing/E-WheelChAIr/EWheelChAIr_ws/build/sabertooth_controller/build/lib/sabertooth_controller
running install
running install_lib
creating /media/renaud/Blade 15 HDD/M2_Cours/Designing/E-WheelChAIr/EWheelChAIr_ws/install/sabertooth_controller/lib/python3.10/site-packages/sabertooth_controller
copying /media/renaud/Blade 15 HDD/M2_Cours/Designing/E-WheelChAIr/EWheelChAIr_ws/build/sabertooth_controller/build/lib/sabertooth_controller/sabertooth_node.py -> /media/renaud/Blade 15 HDD/M2_Cours/Designing/E-WheelChAIr/EWheelChAIr_ws/install/sabertooth_controller/lib/python3.10/site-packages/sabertooth_controller
copying /media/renaud/Blade 15 HDD/M2_Cours/Designing/E-WheelChAIr/EWheelChAIr_ws/build/sabertooth_controller/build/lib/sabertooth_controller/__init__.py -> /media/renaud/Blade 15 HDD/M2_Cours/Designing/E-WheelChAIr/EWheelChAIr_ws/install/sabertooth_controller/lib/python3.10/site-packages/sabertooth_controller
byte-compiling /media/renaud/Blade 15 HDD/M2_Cours/Designing/E-WheelChAIr/EWheelChAIr_ws/install/sabertooth_controller/lib/python3.10/site-packages/sabertooth_controller/sabertooth_node.py to sabertooth_node.cpython-310.pyc
byte-compiling /media/renaud/Blade 15 HDD/M2_Cours/Designing/E-WheelChAIr/EWheelChAIr_ws/install/sabertooth_controller/lib/python3.10/site-packages/sabertooth_controller/__init__.py to __init__.cpython-310.pyc
running install_data
creating /media/renaud/Blade 15 HDD/M2_Cours/Designing/E-WheelChAIr/EWheelChAIr_ws/install/sabertooth_controller/share
creating /media/renaud/Blade 15 HDD/M2_Cours/Designing/E-WheelChAIr/EWheelChAIr_ws/install/sabertooth_controller/share/ament_index
creating /media/renaud/Blade 15 HDD/M2_Cours/Designing/E-WheelChAIr/EWheelChAIr_ws/install/sabertooth_controller/share/ament_index/resource_index
creating /media/renaud/Blade 15 HDD/M2_Cours/Designing/E-WheelChAIr/EWheelChAIr_ws/install/sabertooth_controller/share/ament_index/resource_index/packages
copying resource/sabertooth_controller -> /media/renaud/Blade 15 HDD/M2_Cours/Designing/E-WheelChAIr/EWheelChAIr_ws/install/sabertooth_controller/share/ament_index/resource_index/packages
creating /media/renaud/Blade 15 HDD/M2_Cours/Designing/E-WheelChAIr/EWheelChAIr_ws/install/sabertooth_controller/share/sabertooth_controller
copying package.xml -> /media/renaud/Blade 15 HDD/M2_Cours/Designing/E-WheelChAIr/EWheelChAIr_ws/install/sabertooth_controller/share/sabertooth_controller
running install_egg_info
Copying ../../build/sabertooth_controller/sabertooth_controller.egg-info to /media/renaud/Blade 15 HDD/M2_Cours/Designing/E-WheelChAIr/EWheelChAIr_ws/install/sabertooth_controller/lib/python3.10/site-packages/sabertooth_controller-0.0.0-py3.10.egg-info
running install_scripts
Installing sabertooth_controller script to /media/renaud/Blade 15 HDD/M2_Cours/Designing/E-WheelChAIr/EWheelChAIr_ws/install/sabertooth_controller/lib/sabertooth_controller
writing list of installed files to '/media/renaud/Blade 15 HDD/M2_Cours/Designing/E-WheelChAIr/EWheelChAIr_ws/build/sabertooth_controller/install.log'
