[2.292s] Invoking command in '/media/renaud/Blade 15 HDD/M2_Cours/Designing/E-WheelChAIr/EWheelChAIr_ws/src/yolo_detector': PYTHONPATH=/media/renaud/Blade 15 HDD/M2_Cours/Designing/E-WheelChAIr/EWheelChAIr_ws/build/yolo_detector/prefix_override:/usr/lib/python3/dist-packages/colcon_core/task/python/colcon_distutils_commands:/media/renaud/Blade 15 HDD/M2_Cours/Designing/E-WheelChAIr/EWheelChAIr_ws/install/yolo_detector/lib/python3.10/site-packages:${PYTHONPATH} /usr/bin/python3 -W ignore:setup.py install is deprecated -W ignore:easy_install command is deprecated setup.py egg_info --egg-base ../../build/yolo_detector build --build-base /media/renaud/Blade 15 HDD/M2_Cours/Designing/E-WheelChAIr/EWheelChAIr_ws/build/yolo_detector/build install --record /media/renaud/Blade 15 HDD/M2_Cours/Designing/E-WheelChAIr/EWheelChAIr_ws/build/yolo_detector/install.log --single-version-externally-managed install_data
[2.563s] running egg_info
[2.563s] creating ../../build/yolo_detector/yolo_detector.egg-info
[2.564s] writing ../../build/yolo_detector/yolo_detector.egg-info/PKG-INFO
[2.564s] writing dependency_links to ../../build/yolo_detector/yolo_detector.egg-info/dependency_links.txt
[2.565s] writing entry points to ../../build/yolo_detector/yolo_detector.egg-info/entry_points.txt
[2.565s] writing requirements to ../../build/yolo_detector/yolo_detector.egg-info/requires.txt
[2.565s] writing top-level names to ../../build/yolo_detector/yolo_detector.egg-info/top_level.txt
[2.566s] writing manifest file '../../build/yolo_detector/yolo_detector.egg-info/SOURCES.txt'
[2.591s] reading manifest file '../../build/yolo_detector/yolo_detector.egg-info/SOURCES.txt'
[2.597s] writing manifest file '../../build/yolo_detector/yolo_detector.egg-info/SOURCES.txt'
[2.598s] running build
[2.598s] running build_py
[2.599s] creating /media/renaud/Blade 15 HDD/M2_Cours/Designing/E-WheelChAIr/EWheelChAIr_ws/build/yolo_detector/build
[2.600s] creating /media/renaud/Blade 15 HDD/M2_Cours/Designing/E-WheelChAIr/EWheelChAIr_ws/build/yolo_detector/build/lib
[2.600s] creating /media/renaud/Blade 15 HDD/M2_Cours/Designing/E-WheelChAIr/EWheelChAIr_ws/build/yolo_detector/build/lib/yolo_detector
[2.601s] copying yolo_detector/yolo_node.py -> /media/renaud/Blade 15 HDD/M2_Cours/Designing/E-WheelChAIr/EWheelChAIr_ws/build/yolo_detector/build/lib/yolo_detector
[2.604s] copying yolo_detector/__init__.py -> /media/renaud/Blade 15 HDD/M2_Cours/Designing/E-WheelChAIr/EWheelChAIr_ws/build/yolo_detector/build/lib/yolo_detector
[2.606s] running install
[2.607s] running install_lib
[2.611s] creating /media/renaud/Blade 15 HDD/M2_Cours/Designing/E-WheelChAIr/EWheelChAIr_ws/install/yolo_detector/lib/python3.10/site-packages/yolo_detector
[2.614s] copying /media/renaud/Blade 15 HDD/M2_Cours/Designing/E-WheelChAIr/EWheelChAIr_ws/build/yolo_detector/build/lib/yolo_detector/yolo_node.py -> /media/renaud/Blade 15 HDD/M2_Cours/Designing/E-WheelChAIr/EWheelChAIr_ws/install/yolo_detector/lib/python3.10/site-packages/yolo_detector
[2.618s] copying /media/renaud/Blade 15 HDD/M2_Cours/Designing/E-WheelChAIr/EWheelChAIr_ws/build/yolo_detector/build/lib/yolo_detector/__init__.py -> /media/renaud/Blade 15 HDD/M2_Cours/Designing/E-WheelChAIr/EWheelChAIr_ws/install/yolo_detector/lib/python3.10/site-packages/yolo_detector
[2.622s] byte-compiling /media/renaud/Blade 15 HDD/M2_Cours/Designing/E-WheelChAIr/EWheelChAIr_ws/install/yolo_detector/lib/python3.10/site-packages/yolo_detector/yolo_node.py to yolo_node.cpython-310.pyc
[2.626s] byte-compiling /media/renaud/Blade 15 HDD/M2_Cours/Designing/E-WheelChAIr/EWheelChAIr_ws/install/yolo_detector/lib/python3.10/site-packages/yolo_detector/__init__.py to __init__.cpython-310.pyc
[2.630s] running install_data
[2.633s] creating /media/renaud/Blade 15 HDD/M2_Cours/Designing/E-WheelChAIr/EWheelChAIr_ws/install/yolo_detector/share/ament_index
[2.633s] creating /media/renaud/Blade 15 HDD/M2_Cours/Designing/E-WheelChAIr/EWheelChAIr_ws/install/yolo_detector/share/ament_index/resource_index
[2.633s] creating /media/renaud/Blade 15 HDD/M2_Cours/Designing/E-WheelChAIr/EWheelChAIr_ws/install/yolo_detector/share/ament_index/resource_index/packages
[2.635s] copying resource/yolo_detector -> /media/renaud/Blade 15 HDD/M2_Cours/Designing/E-WheelChAIr/EWheelChAIr_ws/install/yolo_detector/share/ament_index/resource_index/packages
[2.636s] copying package.xml -> /media/renaud/Blade 15 HDD/M2_Cours/Designing/E-WheelChAIr/EWheelChAIr_ws/install/yolo_detector/share/yolo_detector
[2.637s] running install_egg_info
[2.640s] Copying ../../build/yolo_detector/yolo_detector.egg-info to /media/renaud/Blade 15 HDD/M2_Cours/Designing/E-WheelChAIr/EWheelChAIr_ws/install/yolo_detector/lib/python3.10/site-packages/yolo_detector-0.0.0-py3.10.egg-info
[2.655s] running install_scripts
[2.678s] Installing yolo_node script to /media/renaud/Blade 15 HDD/M2_Cours/Designing/E-WheelChAIr/EWheelChAIr_ws/install/yolo_detector/lib/yolo_detector
[2.678s] writing list of installed files to '/media/renaud/Blade 15 HDD/M2_Cours/Designing/E-WheelChAIr/EWheelChAIr_ws/build/yolo_detector/install.log'
[2.966s] Invoked command in '/media/renaud/Blade 15 HDD/M2_Cours/Designing/E-WheelChAIr/EWheelChAIr_ws/src/yolo_detector' returned '0': PYTHONPATH=/media/renaud/Blade 15 HDD/M2_Cours/Designing/E-WheelChAIr/EWheelChAIr_ws/build/yolo_detector/prefix_override:/usr/lib/python3/dist-packages/colcon_core/task/python/colcon_distutils_commands:/media/renaud/Blade 15 HDD/M2_Cours/Designing/E-WheelChAIr/EWheelChAIr_ws/install/yolo_detector/lib/python3.10/site-packages:${PYTHONPATH} /usr/bin/python3 -W ignore:setup.py install is deprecated -W ignore:easy_install command is deprecated setup.py egg_info --egg-base ../../build/yolo_detector build --build-base /media/renaud/Blade 15 HDD/M2_Cours/Designing/E-WheelChAIr/EWheelChAIr_ws/build/yolo_detector/build install --record /media/renaud/Blade 15 HDD/M2_Cours/Designing/E-WheelChAIr/EWheelChAIr_ws/build/yolo_detector/install.log --single-version-externally-managed install_data
