[2.476s] Invoking command in '/media/renaud/Blade 15 HDD/M2_Cours/Designing/E-WheelChAIr/EWheelChAIr_ws/src/arduino_interface': PYTHONPATH=/media/renaud/Blade 15 HDD/M2_Cours/Designing/E-WheelChAIr/EWheelChAIr_ws/build/arduino_interface/prefix_override:/usr/lib/python3/dist-packages/colcon_core/task/python/colcon_distutils_commands:/media/renaud/Blade 15 HDD/M2_Cours/Designing/E-WheelChAIr/EWheelChAIr_ws/install/arduino_interface/lib/python3.10/site-packages:${PYTHONPATH} /usr/bin/python3 -W ignore:setup.py install is deprecated -W ignore:easy_install command is deprecated setup.py egg_info --egg-base ../../build/arduino_interface build --build-base /media/renaud/Blade 15 HDD/M2_Cours/Designing/E-WheelChAIr/EWheelChAIr_ws/build/arduino_interface/build install --record /media/renaud/Blade 15 HDD/M2_Cours/Designing/E-WheelChAIr/EWheelChAIr_ws/build/arduino_interface/install.log --single-version-externally-managed install_data
[2.787s] running egg_info
[2.788s] creating ../../build/arduino_interface/arduino_interface.egg-info
[2.789s] writing ../../build/arduino_interface/arduino_interface.egg-info/PKG-INFO
[2.792s] writing dependency_links to ../../build/arduino_interface/arduino_interface.egg-info/dependency_links.txt
[2.792s] writing entry points to ../../build/arduino_interface/arduino_interface.egg-info/entry_points.txt
[2.793s] writing requirements to ../../build/arduino_interface/arduino_interface.egg-info/requires.txt
[2.794s] writing top-level names to ../../build/arduino_interface/arduino_interface.egg-info/top_level.txt
[2.794s] writing manifest file '../../build/arduino_interface/arduino_interface.egg-info/SOURCES.txt'
[2.800s] reading manifest file '../../build/arduino_interface/arduino_interface.egg-info/SOURCES.txt'
[2.806s] writing manifest file '../../build/arduino_interface/arduino_interface.egg-info/SOURCES.txt'
[2.807s] running build
[2.807s] running build_py
[2.808s] creating /media/renaud/Blade 15 HDD/M2_Cours/Designing/E-WheelChAIr/EWheelChAIr_ws/build/arduino_interface/build
[2.808s] creating /media/renaud/Blade 15 HDD/M2_Cours/Designing/E-WheelChAIr/EWheelChAIr_ws/build/arduino_interface/build/lib
[2.809s] creating /media/renaud/Blade 15 HDD/M2_Cours/Designing/E-WheelChAIr/EWheelChAIr_ws/build/arduino_interface/build/lib/arduino_interface
[2.812s] copying arduino_interface/arduino_reader.py -> /media/renaud/Blade 15 HDD/M2_Cours/Designing/E-WheelChAIr/EWheelChAIr_ws/build/arduino_interface/build/lib/arduino_interface
[2.814s] copying arduino_interface/__init__.py -> /media/renaud/Blade 15 HDD/M2_Cours/Designing/E-WheelChAIr/EWheelChAIr_ws/build/arduino_interface/build/lib/arduino_interface
[2.815s] running install
[2.815s] running install_lib
[2.817s] creating /media/renaud/Blade 15 HDD/M2_Cours/Designing/E-WheelChAIr/EWheelChAIr_ws/install/arduino_interface/lib/python3.10/site-packages/arduino_interface
[2.818s] copying /media/renaud/Blade 15 HDD/M2_Cours/Designing/E-WheelChAIr/EWheelChAIr_ws/build/arduino_interface/build/lib/arduino_interface/arduino_reader.py -> /media/renaud/Blade 15 HDD/M2_Cours/Designing/E-WheelChAIr/EWheelChAIr_ws/install/arduino_interface/lib/python3.10/site-packages/arduino_interface
[2.820s] copying /media/renaud/Blade 15 HDD/M2_Cours/Designing/E-WheelChAIr/EWheelChAIr_ws/build/arduino_interface/build/lib/arduino_interface/__init__.py -> /media/renaud/Blade 15 HDD/M2_Cours/Designing/E-WheelChAIr/EWheelChAIr_ws/install/arduino_interface/lib/python3.10/site-packages/arduino_interface
[2.823s] byte-compiling /media/renaud/Blade 15 HDD/M2_Cours/Designing/E-WheelChAIr/EWheelChAIr_ws/install/arduino_interface/lib/python3.10/site-packages/arduino_interface/arduino_reader.py to arduino_reader.cpython-310.pyc
[2.825s] byte-compiling /media/renaud/Blade 15 HDD/M2_Cours/Designing/E-WheelChAIr/EWheelChAIr_ws/install/arduino_interface/lib/python3.10/site-packages/arduino_interface/__init__.py to __init__.cpython-310.pyc
[2.828s] running install_data
[2.829s] creating /media/renaud/Blade 15 HDD/M2_Cours/Designing/E-WheelChAIr/EWheelChAIr_ws/install/arduino_interface/share/ament_index
[2.830s] creating /media/renaud/Blade 15 HDD/M2_Cours/Designing/E-WheelChAIr/EWheelChAIr_ws/install/arduino_interface/share/ament_index/resource_index
[2.830s] creating /media/renaud/Blade 15 HDD/M2_Cours/Designing/E-WheelChAIr/EWheelChAIr_ws/install/arduino_interface/share/ament_index/resource_index/packages
[2.831s] copying resource/arduino_interface -> /media/renaud/Blade 15 HDD/M2_Cours/Designing/E-WheelChAIr/EWheelChAIr_ws/install/arduino_interface/share/ament_index/resource_index/packages
[2.832s] copying package.xml -> /media/renaud/Blade 15 HDD/M2_Cours/Designing/E-WheelChAIr/EWheelChAIr_ws/install/arduino_interface/share/arduino_interface
[2.833s] running install_egg_info
[2.836s] Copying ../../build/arduino_interface/arduino_interface.egg-info to /media/renaud/Blade 15 HDD/M2_Cours/Designing/E-WheelChAIr/EWheelChAIr_ws/install/arduino_interface/lib/python3.10/site-packages/arduino_interface-0.0.0-py3.10.egg-info
[2.844s] running install_scripts
[2.868s] Installing arduino_reader script to /media/renaud/Blade 15 HDD/M2_Cours/Designing/E-WheelChAIr/EWheelChAIr_ws/install/arduino_interface/lib/arduino_interface
[2.869s] writing list of installed files to '/media/renaud/Blade 15 HDD/M2_Cours/Designing/E-WheelChAIr/EWheelChAIr_ws/build/arduino_interface/install.log'
[3.086s] Invoked command in '/media/renaud/Blade 15 HDD/M2_Cours/Designing/E-WheelChAIr/EWheelChAIr_ws/src/arduino_interface' returned '0': PYTHONPATH=/media/renaud/Blade 15 HDD/M2_Cours/Designing/E-WheelChAIr/EWheelChAIr_ws/build/arduino_interface/prefix_override:/usr/lib/python3/dist-packages/colcon_core/task/python/colcon_distutils_commands:/media/renaud/Blade 15 HDD/M2_Cours/Designing/E-WheelChAIr/EWheelChAIr_ws/install/arduino_interface/lib/python3.10/site-packages:${PYTHONPATH} /usr/bin/python3 -W ignore:setup.py install is deprecated -W ignore:easy_install command is deprecated setup.py egg_info --egg-base ../../build/arduino_interface build --build-base /media/renaud/Blade 15 HDD/M2_Cours/Designing/E-WheelChAIr/EWheelChAIr_ws/build/arduino_interface/build install --record /media/renaud/Blade 15 HDD/M2_Cours/Designing/E-WheelChAIr/EWheelChAIr_ws/build/arduino_interface/install.log --single-version-externally-managed install_data
