running develop
running egg_info
creating sabertooth_controller.egg-info
writing sabertooth_controller.egg-info/PKG-INFO
writing dependency_links to sabertooth_controller.egg-info/dependency_links.txt
writing entry points to sabertooth_controller.egg-info/entry_points.txt
writing requirements to sabertooth_controller.egg-info/requires.txt
writing top-level names to sabertooth_controller.egg-info/top_level.txt
writing manifest file 'sabertooth_controller.egg-info/SOURCES.txt'
reading manifest file 'sabertooth_controller.egg-info/SOURCES.txt'
writing manifest file 'sabertooth_controller.egg-info/SOURCES.txt'
running build_ext
Creating /media/renaud/Blade 15 HDD/M2_Cours/Designing/sabertooth_ws/src/sabertooth_controller/install/sabertooth_controller/lib/python3.10/site-packages/sabertooth-controller.egg-link (link to .)
Installing sabertooth_controller script to /media/renaud/Blade 15 HDD/M2_Cours/Designing/sabertooth_ws/src/sabertooth_controller/install/sabertooth_controller/lib/sabertooth_controller

Installed /media/renaud/Blade 15 HDD/M2_Cours/Designing/sabertooth_ws/src/sabertooth_controller/build/sabertooth_controller
running symlink_data
creating /media/renaud/Blade 15 HDD/M2_Cours/Designing/sabertooth_ws/src/sabertooth_controller/install/sabertooth_controller/share
creating /media/renaud/Blade 15 HDD/M2_Cours/Designing/sabertooth_ws/src/sabertooth_controller/install/sabertooth_controller/share/ament_index
creating /media/renaud/Blade 15 HDD/M2_Cours/Designing/sabertooth_ws/src/sabertooth_controller/install/sabertooth_controller/share/ament_index/resource_index
creating /media/renaud/Blade 15 HDD/M2_Cours/Designing/sabertooth_ws/src/sabertooth_controller/install/sabertooth_controller/share/ament_index/resource_index/packages
symbolically linking /media/renaud/Blade 15 HDD/M2_Cours/Designing/sabertooth_ws/src/sabertooth_controller/build/sabertooth_controller/resource/sabertooth_controller -> /media/renaud/Blade 15 HDD/M2_Cours/Designing/sabertooth_ws/src/sabertooth_controller/install/sabertooth_controller/share/ament_index/resource_index/packages
creating /media/renaud/Blade 15 HDD/M2_Cours/Designing/sabertooth_ws/src/sabertooth_controller/install/sabertooth_controller/share/sabertooth_controller
symbolically linking /media/renaud/Blade 15 HDD/M2_Cours/Designing/sabertooth_ws/src/sabertooth_controller/build/sabertooth_controller/package.xml -> /media/renaud/Blade 15 HDD/M2_Cours/Designing/sabertooth_ws/src/sabertooth_controller/install/sabertooth_controller/share/sabertooth_controller
