[1.277s] Invoking command in '/media/renaud/Blade 15 HDD/M2_Cours/Designing/sabertooth_ws/src/sabertooth_controller/build/sabertooth_controller': PYTHONPATH=/media/renaud/Blade 15 HDD/M2_Cours/Designing/sabertooth_ws/src/sabertooth_controller/build/sabertooth_controller/prefix_override:/usr/lib/python3/dist-packages/colcon_core/task/python/colcon_distutils_commands:/media/renaud/Blade 15 HDD/M2_Cours/Designing/sabertooth_ws/src/sabertooth_controller/install/sabertooth_controller/lib/python3.10/site-packages:${PYTHONPATH} /usr/bin/python3 -W ignore:setup.py install is deprecated -W ignore:easy_install command is deprecated setup.py develop --editable --build-directory /media/renaud/Blade 15 HDD/M2_Cours/Designing/sabertooth_ws/src/sabertooth_controller/build/sabertooth_controller/build --no-deps symlink_data
[1.519s] running develop
[1.699s] running egg_info
[1.699s] creating sabertooth_controller.egg-info
[1.699s] writing sabertooth_controller.egg-info/PKG-INFO
[1.699s] writing dependency_links to sabertooth_controller.egg-info/dependency_links.txt
[1.700s] writing entry points to sabertooth_controller.egg-info/entry_points.txt
[1.700s] writing requirements to sabertooth_controller.egg-info/requires.txt
[1.700s] writing top-level names to sabertooth_controller.egg-info/top_level.txt
[1.700s] writing manifest file 'sabertooth_controller.egg-info/SOURCES.txt'
[1.702s] reading manifest file 'sabertooth_controller.egg-info/SOURCES.txt'
[1.702s] writing manifest file 'sabertooth_controller.egg-info/SOURCES.txt'
[1.703s] running build_ext
[1.703s] Creating /media/renaud/Blade 15 HDD/M2_Cours/Designing/sabertooth_ws/src/sabertooth_controller/install/sabertooth_controller/lib/python3.10/site-packages/sabertooth-controller.egg-link (link to .)
[1.704s] Installing sabertooth_controller script to /media/renaud/Blade 15 HDD/M2_Cours/Designing/sabertooth_ws/src/sabertooth_controller/install/sabertooth_controller/lib/sabertooth_controller
[1.704s] 
[1.704s] Installed /media/renaud/Blade 15 HDD/M2_Cours/Designing/sabertooth_ws/src/sabertooth_controller/build/sabertooth_controller
[1.705s] running symlink_data
[1.705s] creating /media/renaud/Blade 15 HDD/M2_Cours/Designing/sabertooth_ws/src/sabertooth_controller/install/sabertooth_controller/share
[1.705s] creating /media/renaud/Blade 15 HDD/M2_Cours/Designing/sabertooth_ws/src/sabertooth_controller/install/sabertooth_controller/share/ament_index
[1.705s] creating /media/renaud/Blade 15 HDD/M2_Cours/Designing/sabertooth_ws/src/sabertooth_controller/install/sabertooth_controller/share/ament_index/resource_index
[1.705s] creating /media/renaud/Blade 15 HDD/M2_Cours/Designing/sabertooth_ws/src/sabertooth_controller/install/sabertooth_controller/share/ament_index/resource_index/packages
[1.705s] symbolically linking /media/renaud/Blade 15 HDD/M2_Cours/Designing/sabertooth_ws/src/sabertooth_controller/build/sabertooth_controller/resource/sabertooth_controller -> /media/renaud/Blade 15 HDD/M2_Cours/Designing/sabertooth_ws/src/sabertooth_controller/install/sabertooth_controller/share/ament_index/resource_index/packages
[1.709s] creating /media/renaud/Blade 15 HDD/M2_Cours/Designing/sabertooth_ws/src/sabertooth_controller/install/sabertooth_controller/share/sabertooth_controller
[1.709s] symbolically linking /media/renaud/Blade 15 HDD/M2_Cours/Designing/sabertooth_ws/src/sabertooth_controller/build/sabertooth_controller/package.xml -> /media/renaud/Blade 15 HDD/M2_Cours/Designing/sabertooth_ws/src/sabertooth_controller/install/sabertooth_controller/share/sabertooth_controller
[1.731s] Invoked command in '/media/renaud/Blade 15 HDD/M2_Cours/Designing/sabertooth_ws/src/sabertooth_controller/build/sabertooth_controller' returned '0': PYTHONPATH=/media/renaud/Blade 15 HDD/M2_Cours/Designing/sabertooth_ws/src/sabertooth_controller/build/sabertooth_controller/prefix_override:/usr/lib/python3/dist-packages/colcon_core/task/python/colcon_distutils_commands:/media/renaud/Blade 15 HDD/M2_Cours/Designing/sabertooth_ws/src/sabertooth_controller/install/sabertooth_controller/lib/python3.10/site-packages:${PYTHONPATH} /usr/bin/python3 -W ignore:setup.py install is deprecated -W ignore:easy_install command is deprecated setup.py develop --editable --build-directory /media/renaud/Blade 15 HDD/M2_Cours/Designing/sabertooth_ws/src/sabertooth_controller/build/sabertooth_controller/build --no-deps symlink_data
